# JRE version: Java(TM) SE Runtime Environment (21.0.6+8) (build 21.0.6+8-LTS-188)
# Java VM: Java HotSpot(TM) 64-Bit Server VM (21.0.6+8-LTS-188, mixed mode, emulated-client, sharing, tiered, compressed oops, compressed class ptrs, g1 gc, windows-amd64)
GC Precious Log:
 CardTable entry size: 512
 Card Set container configuration: InlinePtr #cards 5 size 8 Array Of Cards #cards 12 size 40 Howl #buckets 4 coarsen threshold 1843 Howl Bitmap #cards 512 size 80 coarsen threshold 460 Card regions per heap region 1 cards per card region 2048
 CPUs: 12 total, 12 available
 Memory: 7502M
 Large Page Support: Disabled
 NUMA Support: Disabled
 Compressed Oops: Enabled (32-bit)
 Heap Region Size: 1M
 Heap Min Capacity: 8M
 Heap Initial Capacity: 118M
 Heap Max Capacity: 1876M
 Pre-touch: Disabled
 Parallel Workers: 10
 Concurrent Workers: 3
 Concurrent Refinement Workers: 10
 Periodic GC: Disabled
Heap:
 garbage-first heap   total 174080K, used 150944K [0x000000008ac00000, 0x0000000100000000)
  region size 1024K, 90 young (92160K), 6 survivors (6144K)
 Metaspace       used 90518K, committed 92224K, reserved 1179648K
  class space    used 12638K, committed 13312K, reserved 1048576K
GC Heap History (20 events):
Event: 12.118 GC heap before
{Heap before GC invocations=30 (full 0):
 garbage-first heap   total 144384K, used 128112K [0x000000008ac00000, 0x0000000100000000)
  region size 1024K, 82 young (83968K), 7 survivors (7168K)
 Metaspace       used 78983K, committed 79744K, reserved 1179648K
  class space    used 10984K, committed 11328K, reserved 1048576K
}
Event: 12.125 GC heap after
{Heap after GC invocations=31 (full 0):
 garbage-first heap   total 144384K, used 54173K [0x000000008ac00000, 0x0000000100000000)
  region size 1024K, 8 young (8192K), 8 survivors (8192K)
 Metaspace       used 78983K, committed 79744K, reserved 1179648K
  class space    used 10984K, committed 11328K, reserved 1048576K
}
Event: 12.636 GC heap before
{Heap before GC invocations=31 (full 0):
 garbage-first heap   total 144384K, used 127901K [0x000000008ac00000, 0x0000000100000000)
  region size 1024K, 80 young (81920K), 8 survivors (8192K)
 Metaspace       used 80355K, committed 81152K, reserved 1179648K
  class space    used 11186K, committed 11520K, reserved 1048576K
}
Event: 12.643 GC heap after
{Heap after GC invocations=32 (full 0):
 garbage-first heap   total 144384K, used 57292K [0x000000008ac00000, 0x0000000100000000)
  region size 1024K, 9 young (9216K), 9 survivors (9216K)
 Metaspace       used 80355K, committed 81152K, reserved 1179648K
  class space    used 11186K, committed 11520K, reserved 1048576K
}
Event: 13.069 GC heap before
{Heap before GC invocations=32 (full 0):
 garbage-first heap   total 144384K, used 125900K [0x000000008ac00000, 0x0000000100000000)
  region size 1024K, 76 young (77824K), 9 survivors (9216K)
 Metaspace       used 81211K, committed 82112K, reserved 1179648K
  class space    used 11301K, committed 11712K, reserved 1048576K
}
Event: 13.076 GC heap after
{Heap after GC invocations=33 (full 0):
 garbage-first heap   total 144384K, used 59640K [0x000000008ac00000, 0x0000000100000000)
  region size 1024K, 6 young (6144K), 6 survivors (6144K)
 Metaspace       used 81211K, committed 82112K, reserved 1179648K
  class space    used 11301K, committed 11712K, reserved 1048576K
}
Event: 13.555 GC heap before
{Heap before GC invocations=34 (full 0):
 garbage-first heap   total 144384K, used 129272K [0x000000008ac00000, 0x0000000100000000)
  region size 1024K, 74 young (75776K), 6 survivors (6144K)
 Metaspace       used 81851K, committed 82816K, reserved 1179648K
  class space    used 11437K, committed 11840K, reserved 1048576K
}
Event: 13.561 GC heap after
{Heap after GC invocations=35 (full 0):
 garbage-first heap   total 144384K, used 62185K [0x000000008ac00000, 0x0000000100000000)
  region size 1024K, 5 young (5120K), 5 survivors (5120K)
 Metaspace       used 81851K, committed 82816K, reserved 1179648K
  class space    used 11437K, committed 11840K, reserved 1048576K
}
Event: 14.011 GC heap before
{Heap before GC invocations=35 (full 0):
 garbage-first heap   total 144384K, used 130793K [0x000000008ac00000, 0x0000000100000000)
  region size 1024K, 72 young (73728K), 5 survivors (5120K)
 Metaspace       used 83038K, committed 84032K, reserved 1179648K
  class space    used 11628K, committed 12096K, reserved 1048576K
}
Event: 14.019 GC heap after
{Heap after GC invocations=36 (full 0):
 garbage-first heap   total 144384K, used 63383K [0x000000008ac00000, 0x0000000100000000)
  region size 1024K, 7 young (7168K), 7 survivors (7168K)
 Metaspace       used 83038K, committed 84032K, reserved 1179648K
  class space    used 11628K, committed 12096K, reserved 1048576K
}
Event: 14.437 GC heap before
{Heap before GC invocations=36 (full 0):
 garbage-first heap   total 144384K, used 127895K [0x000000008ac00000, 0x0000000100000000)
  region size 1024K, 70 young (71680K), 7 survivors (7168K)
 Metaspace       used 83666K, committed 84608K, reserved 1179648K
  class space    used 11718K, committed 12160K, reserved 1048576K
}
Event: 14.443 GC heap after
{Heap after GC invocations=37 (full 0):
 garbage-first heap   total 174080K, used 65494K [0x000000008ac00000, 0x0000000100000000)
  region size 1024K, 7 young (7168K), 7 survivors (7168K)
 Metaspace       used 83666K, committed 84608K, reserved 1179648K
  class space    used 11718K, committed 12160K, reserved 1048576K
}
Event: 15.699 GC heap before
{Heap before GC invocations=38 (full 0):
 garbage-first heap   total 174080K, used 155606K [0x000000008ac00000, 0x0000000100000000)
  region size 1024K, 96 young (98304K), 7 survivors (7168K)
 Metaspace       used 89267K, committed 90368K, reserved 1179648K
  class space    used 12527K, committed 13056K, reserved 1048576K
}
Event: 15.708 GC heap after
{Heap after GC invocations=39 (full 0):
 garbage-first heap   total 174080K, used 68217K [0x000000008ac00000, 0x0000000100000000)
  region size 1024K, 9 young (9216K), 9 survivors (9216K)
 Metaspace       used 89267K, committed 90368K, reserved 1179648K
  class space    used 12527K, committed 13056K, reserved 1048576K
}
Event: 1345.473 GC heap before
{Heap before GC invocations=39 (full 0):
 garbage-first heap   total 174080K, used 155257K [0x000000008ac00000, 0x0000000100000000)
  region size 1024K, 94 young (96256K), 9 survivors (9216K)
 Metaspace       used 91058K, committed 92160K, reserved 1179648K
  class space    used 12778K, committed 13312K, reserved 1048576K
}
Event: 1345.535 GC heap after
{Heap after GC invocations=40 (full 0):
 garbage-first heap   total 174080K, used 67132K [0x000000008ac00000, 0x0000000100000000)
  region size 1024K, 7 young (7168K), 7 survivors (7168K)
 Metaspace       used 91058K, committed 92160K, reserved 1179648K
  class space    used 12778K, committed 13312K, reserved 1048576K
}
Event: 3252.100 GC heap before
{Heap before GC invocations=40 (full 0):
 garbage-first heap   total 174080K, used 156220K [0x000000008ac00000, 0x0000000100000000)
  region size 1024K, 94 young (96256K), 7 survivors (7168K)
 Metaspace       used 91063K, committed 92224K, reserved 1179648K
  class space    used 12779K, committed 13312K, reserved 1048576K
}
Event: 3252.174 GC heap after
{Heap after GC invocations=41 (full 0):
 garbage-first heap   total 174080K, used 66554K [0x000000008ac00000, 0x0000000100000000)
  region size 1024K, 6 young (6144K), 6 survivors (6144K)
 Metaspace       used 91063K, committed 92224K, reserved 1179648K
  class space    used 12779K, committed 13312K, reserved 1048576K
}
Event: 5231.873 GC heap before
{Heap before GC invocations=42 (full 0):
 garbage-first heap   total 174080K, used 157690K [0x000000008ac00000, 0x0000000100000000)
  region size 1024K, 95 young (97280K), 6 survivors (6144K)
 Metaspace       used 90469K, committed 92224K, reserved 1179648K
  class space    used 12628K, committed 13312K, reserved 1048576K
}
Event: 5231.948 GC heap after
{Heap after GC invocations=43 (full 0):
 garbage-first heap   total 174080K, used 65952K [0x000000008ac00000, 0x0000000100000000)
  region size 1024K, 6 young (6144K), 6 survivors (6144K)
 Metaspace       used 90469K, committed 92224K, reserved 1179648K
  class space    used 12628K, committed 13312K, reserved 1048576K
}

